<?xml version="1.0" encoding="UTF-8"?>
<testsuite name="controllers.NoteApiTest" tests="11" skipped="0" failures="0" errors="0" timestamp="2023-03-18T20:55:24" hostname="DESKTOP-BK2M168" time="0.079">
  <properties/>
  <testcase name="listActiveNotes returns no active notes stored when ArrayList is empty()" classname="controllers.NoteApiTest" time="0.029"/>
  <testcase name="listNotesBySelectedPriority returns No Notes when ArrayList is empty()" classname="controllers.NoteApiTest" time="0.002"/>
  <testcase name="adding a Note to a populated list adds to ArrayList()" classname="controllers.NoteApiTest" time="0.001"/>
  <testcase name="listAllNotes returns No Notes Stored message when ArrayList is empty()" classname="controllers.NoteApiTest" time="0.001"/>
  <testcase name="listActiveNotes returns active notes when ArrayList has active notes stored()" classname="controllers.NoteApiTest" time="0.001"/>
  <testcase name="listArchivedNotes returns no archived notes when ArrayList is empty()" classname="controllers.NoteApiTest" time="0.001"/>
  <testcase name="listNotesBySelectedPriority returns all notes that match that priority when notes of that priority exist()" classname="controllers.NoteApiTest" time="0.031"/>
  <testcase name="listNotesBySelectedPriority returns no notes when no notes of that priority exist()" classname="controllers.NoteApiTest" time="0.001"/>
  <testcase name="listArchivedNotes returns archived notes when ArrayList has archived notes stored()" classname="controllers.NoteApiTest" time="0.001"/>
  <testcase name="listAllNotes returns Notes when ArrayList has notes stored()" classname="controllers.NoteApiTest" time="0.001"/>
  <testcase name="adding a Note to an empty list adds to ArrayList()" classname="controllers.NoteApiTest" time="0.001"/>
  <system-out><![CDATA[]]></system-out>
  <system-err><![CDATA[]]></system-err>
</testsuite>
