<?xml version="1.0" encoding="UTF-8"?>
<testsuite name="controllers.NoteApiTest" tests="2" skipped="0" failures="0" errors="0" timestamp="2023-03-09T15:43:22" hostname="DESKTOP-BK2M168" time="0.031">
  <properties/>
  <testcase name="adding a Note to a populated list adds to ArrayList()" classname="controllers.NoteApiTest" time="0.028"/>
  <testcase name="adding a Note to an empty list adds to ArrayList()" classname="controllers.NoteApiTest" time="0.001"/>
  <system-out><![CDATA[]]></system-out>
  <system-err><![CDATA[]]></system-err>
</testsuite>
