<?xml version="1.0" encoding="UTF-8"?>
<testsuite name="controllers.NoteApiTest" tests="4" skipped="0" failures="0" errors="0" timestamp="2023-03-09T16:12:42" hostname="DESKTOP-BK2M168" time="0.039">
  <properties/>
  <testcase name="adding a Note to a populated list adds to ArrayList()" classname="controllers.NoteApiTest" time="0.026"/>
  <testcase name="listAllNotes returns No Notes Stored message when ArrayList is empty()" classname="controllers.NoteApiTest" time="0.007"/>
  <testcase name="listAllNotes returns Notes when ArrayList has notes stored()" classname="controllers.NoteApiTest" time="0.001"/>
  <testcase name="adding a Note to an empty list adds to ArrayList()" classname="controllers.NoteApiTest" time="0.001"/>
  <system-out><![CDATA[]]></system-out>
  <system-err><![CDATA[]]></system-err>
</testsuite>
