<?xml version="1.0" encoding="UTF-8"?>
<testsuite name="controllers.NoteApiTest$DeleteNotes" tests="2" skipped="0" failures="0" errors="0" timestamp="2023-03-18T20:55:24" hostname="DESKTOP-BK2M168" time="0.004">
  <properties/>
  <testcase name="deleting a note that exists delete and returns deleted object()" classname="controllers.NoteApiTest$DeleteNotes" time="0.001"/>
  <testcase name="deleting a Note that does not exist, returns null()" classname="controllers.NoteApiTest$DeleteNotes" time="0.001"/>
  <system-out><![CDATA[]]></system-out>
  <system-err><![CDATA[]]></system-err>
</testsuite>
